<?xml version="1.0" encoding="UTF-8"?>
<robot generator="Robot 4.1 (Python 3.9.6 on win32)" generated="20210818 00:42:09.941" rpa="false" schemaversion="2">
<suite id="s1" name="Daraz Resources" source="C:\development\robot-scripts\using_resources\daraz\tests\daraz_resources.robot">
<test id="s1-t1" name="An user should be able to navigate to daraz home page">
<kw name="Start Web Test" library="Basic_Keywords" type="SETUP">
<kw name="Open Browser" library="SeleniumLibrary">
<arg>about:blank</arg>
<arg>gc</arg>
<doc>Opens a new browser instance to the optional ``url``.</doc>
<msg timestamp="20210818 00:42:10.290" level="INFO">Opening browser 'gc' to base url 'about:blank'.</msg>
<status status="PASS" starttime="20210818 00:42:10.290" endtime="20210818 00:42:11.681"/>
</kw>
<kw name="Maximize Browser Window" library="SeleniumLibrary">
<doc>Maximizes current browser window.</doc>
<status status="PASS" starttime="20210818 00:42:11.682" endtime="20210818 00:42:11.870"/>
</kw>
<status status="PASS" starttime="20210818 00:42:10.289" endtime="20210818 00:42:11.870"/>
</kw>
<kw name="Navigate to home page" library="Functional_Keywords">
<kw name="Navigate To Page" library="OpenPage">
<kw name="Go To" library="SeleniumLibrary">
<arg>http://www.daraz.com.bd/</arg>
<doc>Navigates the current browser window to the provided ``url``.</doc>
<msg timestamp="20210818 00:42:11.914" level="INFO">Opening url 'http://www.daraz.com.bd/'</msg>
<status status="PASS" starttime="20210818 00:42:11.914" endtime="20210818 00:42:19.001"/>
</kw>
<status status="PASS" starttime="20210818 00:42:11.913" endtime="20210818 00:42:19.002"/>
</kw>
<kw name="Page Load Verification" library="OpenPage">
<kw name="Sleep" library="BuiltIn">
<arg>2s</arg>
<doc>Pauses the test executed for the given time.</doc>
<msg timestamp="20210818 00:42:21.013" level="INFO">Slept 2 seconds</msg>
<status status="PASS" starttime="20210818 00:42:19.003" endtime="20210818 00:42:21.013"/>
</kw>
<kw name="Wait Until Page Contains" library="SeleniumLibrary">
<arg>SAVE MORE ON APP</arg>
<doc>Waits until ``text`` appears on the current page.</doc>
<status status="PASS" starttime="20210818 00:42:21.014" endtime="20210818 00:42:21.078"/>
</kw>
<status status="PASS" starttime="20210818 00:42:19.002" endtime="20210818 00:42:21.078"/>
</kw>
<status status="PASS" starttime="20210818 00:42:11.913" endtime="20210818 00:42:21.078"/>
</kw>
<kw name="End Web Test" library="Basic_Keywords" type="TEARDOWN">
<kw name="Close Browser" library="SeleniumLibrary">
<doc>Closes the current browser.</doc>
<status status="PASS" starttime="20210818 00:42:21.080" endtime="20210818 00:42:23.418"/>
</kw>
<status status="PASS" starttime="20210818 00:42:21.079" endtime="20210818 00:42:23.419"/>
</kw>
<status status="PASS" starttime="20210818 00:42:10.288" endtime="20210818 00:42:23.420"/>
</test>
<test id="s1-t2" name="An user should be able to search for a product">
<kw name="Start Web Test" library="Basic_Keywords" type="SETUP">
<kw name="Open Browser" library="SeleniumLibrary">
<arg>about:blank</arg>
<arg>gc</arg>
<doc>Opens a new browser instance to the optional ``url``.</doc>
<msg timestamp="20210818 00:42:23.426" level="INFO">Opening browser 'gc' to base url 'about:blank'.</msg>
<status status="PASS" starttime="20210818 00:42:23.426" endtime="20210818 00:42:24.853"/>
</kw>
<kw name="Maximize Browser Window" library="SeleniumLibrary">
<doc>Maximizes current browser window.</doc>
<status status="PASS" starttime="20210818 00:42:24.853" endtime="20210818 00:42:24.978"/>
</kw>
<status status="PASS" starttime="20210818 00:42:23.425" endtime="20210818 00:42:24.978"/>
</kw>
<kw name="Search for product" library="Functional_Keywords">
<kw name="Navigate to home page" library="Functional_Keywords">
<kw name="Navigate To Page" library="OpenPage">
<kw name="Go To" library="SeleniumLibrary">
<arg>http://www.daraz.com.bd/</arg>
<doc>Navigates the current browser window to the provided ``url``.</doc>
<msg timestamp="20210818 00:42:24.981" level="INFO">Opening url 'http://www.daraz.com.bd/'</msg>
<status status="PASS" starttime="20210818 00:42:24.980" endtime="20210818 00:42:31.470"/>
</kw>
<status status="PASS" starttime="20210818 00:42:24.980" endtime="20210818 00:42:31.471"/>
</kw>
<kw name="Page Load Verification" library="OpenPage">
<kw name="Sleep" library="BuiltIn">
<arg>2s</arg>
<doc>Pauses the test executed for the given time.</doc>
<msg timestamp="20210818 00:42:33.479" level="INFO">Slept 2 seconds</msg>
<status status="PASS" starttime="20210818 00:42:31.472" endtime="20210818 00:42:33.479"/>
</kw>
<kw name="Wait Until Page Contains" library="SeleniumLibrary">
<arg>SAVE MORE ON APP</arg>
<doc>Waits until ``text`` appears on the current page.</doc>
<status status="PASS" starttime="20210818 00:42:33.479" endtime="20210818 00:42:33.533"/>
</kw>
<status status="PASS" starttime="20210818 00:42:31.471" endtime="20210818 00:42:33.534"/>
</kw>
<status status="PASS" starttime="20210818 00:42:24.979" endtime="20210818 00:42:33.534"/>
</kw>
<kw name="Enter Product Name" library="SearchProduct">
<kw name="Input Text" library="SeleniumLibrary">
<arg>id=q</arg>
<arg>Router</arg>
<doc>Types the given ``text`` into the text field identified by ``locator``.</doc>
<msg timestamp="20210818 00:42:33.535" level="INFO">Typing text 'Router' into text field 'id=q'.</msg>
<status status="PASS" starttime="20210818 00:42:33.535" endtime="20210818 00:42:33.691"/>
</kw>
<status status="PASS" starttime="20210818 00:42:33.534" endtime="20210818 00:42:33.691"/>
</kw>
<kw name="Submit Search" library="SearchProduct">
<kw name="Click Button" library="SeleniumLibrary">
<arg>xpath=//*[@id="topActionHeader"]/div/div[2]/div/div[2]/form/div/div[2]/button</arg>
<doc>Clicks the button identified by ``locator``.</doc>
<msg timestamp="20210818 00:42:33.693" level="INFO">Clicking button 'xpath=//*[@id="topActionHeader"]/div/div[2]/div/div[2]/form/div/div[2]/button'.</msg>
<status status="PASS" starttime="20210818 00:42:33.693" endtime="20210818 00:42:40.882"/>
</kw>
<status status="PASS" starttime="20210818 00:42:33.692" endtime="20210818 00:42:40.882"/>
</kw>
<kw name="Scroll Page" library="SearchProduct">
<kw name="Sleep" library="BuiltIn">
<arg>1s</arg>
<doc>Pauses the test executed for the given time.</doc>
<msg timestamp="20210818 00:42:41.890" level="INFO">Slept 1 second</msg>
<status status="PASS" starttime="20210818 00:42:40.884" endtime="20210818 00:42:41.891"/>
</kw>
<kw name="Sleep" library="BuiltIn">
<arg>1s</arg>
<doc>Pauses the test executed for the given time.</doc>
<msg timestamp="20210818 00:42:42.900" level="INFO">Slept 1 second</msg>
<status status="PASS" starttime="20210818 00:42:41.891" endtime="20210818 00:42:42.900"/>
</kw>
<status status="PASS" starttime="20210818 00:42:40.883" endtime="20210818 00:42:42.901"/>
</kw>
<status status="PASS" starttime="20210818 00:42:24.978" endtime="20210818 00:42:42.901"/>
</kw>
<kw name="End Web Test" library="Basic_Keywords" type="TEARDOWN">
<kw name="Close Browser" library="SeleniumLibrary">
<doc>Closes the current browser.</doc>
<status status="PASS" starttime="20210818 00:42:42.902" endtime="20210818 00:42:45.297"/>
</kw>
<status status="PASS" starttime="20210818 00:42:42.902" endtime="20210818 00:42:45.297"/>
</kw>
<status status="PASS" starttime="20210818 00:42:23.423" endtime="20210818 00:42:45.298"/>
</test>
<test id="s1-t3" name="An user should be able to view the details of a product">
<kw name="Start Web Test" library="Basic_Keywords" type="SETUP">
<kw name="Open Browser" library="SeleniumLibrary">
<arg>about:blank</arg>
<arg>gc</arg>
<doc>Opens a new browser instance to the optional ``url``.</doc>
<msg timestamp="20210818 00:42:45.305" level="INFO">Opening browser 'gc' to base url 'about:blank'.</msg>
<status status="PASS" starttime="20210818 00:42:45.304" endtime="20210818 00:42:46.738"/>
</kw>
<kw name="Maximize Browser Window" library="SeleniumLibrary">
<doc>Maximizes current browser window.</doc>
<status status="PASS" starttime="20210818 00:42:46.738" endtime="20210818 00:42:46.858"/>
</kw>
<status status="PASS" starttime="20210818 00:42:45.303" endtime="20210818 00:42:46.858"/>
</kw>
<kw name="Detailed view of a product" library="Functional_Keywords">
<kw name="Search for product" library="Functional_Keywords">
<kw name="Navigate to home page" library="Functional_Keywords">
<kw name="Navigate To Page" library="OpenPage">
<kw name="Go To" library="SeleniumLibrary">
<arg>http://www.daraz.com.bd/</arg>
<doc>Navigates the current browser window to the provided ``url``.</doc>
<msg timestamp="20210818 00:42:46.860" level="INFO">Opening url 'http://www.daraz.com.bd/'</msg>
<status status="PASS" starttime="20210818 00:42:46.860" endtime="20210818 00:42:57.154"/>
</kw>
<status status="PASS" starttime="20210818 00:42:46.859" endtime="20210818 00:42:57.154"/>
</kw>
<kw name="Page Load Verification" library="OpenPage">
<kw name="Sleep" library="BuiltIn">
<arg>2s</arg>
<doc>Pauses the test executed for the given time.</doc>
<msg timestamp="20210818 00:42:59.168" level="INFO">Slept 2 seconds</msg>
<status status="PASS" starttime="20210818 00:42:57.156" endtime="20210818 00:42:59.169"/>
</kw>
<kw name="Wait Until Page Contains" library="SeleniumLibrary">
<arg>SAVE MORE ON APP</arg>
<doc>Waits until ``text`` appears on the current page.</doc>
<status status="PASS" starttime="20210818 00:42:59.169" endtime="20210818 00:42:59.255"/>
</kw>
<status status="PASS" starttime="20210818 00:42:57.155" endtime="20210818 00:42:59.256"/>
</kw>
<status status="PASS" starttime="20210818 00:42:46.859" endtime="20210818 00:42:59.256"/>
</kw>
<kw name="Enter Product Name" library="SearchProduct">
<kw name="Input Text" library="SeleniumLibrary">
<arg>id=q</arg>
<arg>Router</arg>
<doc>Types the given ``text`` into the text field identified by ``locator``.</doc>
<msg timestamp="20210818 00:42:59.257" level="INFO">Typing text 'Router' into text field 'id=q'.</msg>
<status status="PASS" starttime="20210818 00:42:59.257" endtime="20210818 00:42:59.419"/>
</kw>
<status status="PASS" starttime="20210818 00:42:59.256" endtime="20210818 00:42:59.419"/>
</kw>
<kw name="Submit Search" library="SearchProduct">
<kw name="Click Button" library="SeleniumLibrary">
<arg>xpath=//*[@id="topActionHeader"]/div/div[2]/div/div[2]/form/div/div[2]/button</arg>
<doc>Clicks the button identified by ``locator``.</doc>
<msg timestamp="20210818 00:42:59.420" level="INFO">Clicking button 'xpath=//*[@id="topActionHeader"]/div/div[2]/div/div[2]/form/div/div[2]/button'.</msg>
<status status="PASS" starttime="20210818 00:42:59.420" endtime="20210818 00:43:04.367"/>
</kw>
<status status="PASS" starttime="20210818 00:42:59.419" endtime="20210818 00:43:04.368"/>
</kw>
<kw name="Scroll Page" library="SearchProduct">
<kw name="Sleep" library="BuiltIn">
<arg>1s</arg>
<doc>Pauses the test executed for the given time.</doc>
<msg timestamp="20210818 00:43:05.383" level="INFO">Slept 1 second</msg>
<status status="PASS" starttime="20210818 00:43:04.369" endtime="20210818 00:43:05.383"/>
</kw>
<kw name="Sleep" library="BuiltIn">
<arg>1s</arg>
<doc>Pauses the test executed for the given time.</doc>
<msg timestamp="20210818 00:43:06.388" level="INFO">Slept 1 second</msg>
<status status="PASS" starttime="20210818 00:43:05.383" endtime="20210818 00:43:06.389"/>
</kw>
<status status="PASS" starttime="20210818 00:43:04.368" endtime="20210818 00:43:06.390"/>
</kw>
<status status="PASS" starttime="20210818 00:42:46.859" endtime="20210818 00:43:06.391"/>
</kw>
<kw name="Verify Search Compilation" library="SearchResults">
<kw name="Sleep" library="BuiltIn">
<arg>2s</arg>
<doc>Pauses the test executed for the given time.</doc>
<msg timestamp="20210818 00:43:08.400" level="INFO">Slept 2 seconds</msg>
<status status="PASS" starttime="20210818 00:43:06.396" endtime="20210818 00:43:08.400"/>
</kw>
<kw name="Wait Until Page Contains" library="SeleniumLibrary">
<arg>items found for "Router"</arg>
<doc>Waits until ``text`` appears on the current page.</doc>
<status status="PASS" starttime="20210818 00:43:08.400" endtime="20210818 00:43:08.483"/>
</kw>
<kw name="Sleep" library="BuiltIn">
<arg>1s</arg>
<doc>Pauses the test executed for the given time.</doc>
<msg timestamp="20210818 00:43:09.500" level="INFO">Slept 1 second</msg>
<status status="PASS" starttime="20210818 00:43:08.484" endtime="20210818 00:43:09.500"/>
</kw>
<status status="PASS" starttime="20210818 00:43:06.392" endtime="20210818 00:43:09.500"/>
</kw>
<kw name="Click Product" library="SearchResults">
<doc>Clicks the first searched product on the page</doc>
<kw name="Sleep" library="BuiltIn">
<arg>2s</arg>
<doc>Pauses the test executed for the given time.</doc>
<msg timestamp="20210818 00:43:11.514" level="INFO">Slept 2 seconds</msg>
<status status="PASS" starttime="20210818 00:43:09.501" endtime="20210818 00:43:11.514"/>
</kw>
<kw name="Click Link" library="SeleniumLibrary">
<arg>css=#root &gt; div &gt; div.ant-row.c10-Cg &gt; div.ant-col-24 &gt; div &gt; div.ant-col-20.ant-col-push-4.c1z9Ut &gt; div.c1_t2i &gt; div:nth-child(1) &gt; div &gt; div &gt; div.c3KeDq &gt; div.c16H9d &gt; a</arg>
<doc>Clicks a link identified by ``locator``.</doc>
<msg timestamp="20210818 00:43:11.515" level="INFO">Clicking link 'css=#root &gt; div &gt; div.ant-row.c10-Cg &gt; div.ant-col-24 &gt; div &gt; div.ant-col-20.ant-col-push-4.c1z9Ut &gt; div.c1_t2i &gt; div:nth-child(1) &gt; div &gt; div &gt; div.c3KeDq &gt; div.c16H9d &gt; a'.</msg>
<status status="PASS" starttime="20210818 00:43:11.514" endtime="20210818 00:43:15.314"/>
</kw>
<status status="PASS" starttime="20210818 00:43:09.501" endtime="20210818 00:43:15.314"/>
</kw>
<status status="PASS" starttime="20210818 00:42:46.858" endtime="20210818 00:43:15.315"/>
</kw>
<kw name="End Web Test" library="Basic_Keywords" type="TEARDOWN">
<kw name="Close Browser" library="SeleniumLibrary">
<doc>Closes the current browser.</doc>
<status status="PASS" starttime="20210818 00:43:15.318" endtime="20210818 00:43:17.741"/>
</kw>
<status status="PASS" starttime="20210818 00:43:15.316" endtime="20210818 00:43:17.742"/>
</kw>
<status status="PASS" starttime="20210818 00:42:45.301" endtime="20210818 00:43:17.743"/>
</test>
<test id="s1-t4" name="An user can add a product to cart without signing in">
<kw name="Start Web Test" library="Basic_Keywords" type="SETUP">
<kw name="Open Browser" library="SeleniumLibrary">
<arg>about:blank</arg>
<arg>gc</arg>
<doc>Opens a new browser instance to the optional ``url``.</doc>
<msg timestamp="20210818 00:43:17.750" level="INFO">Opening browser 'gc' to base url 'about:blank'.</msg>
<status status="PASS" starttime="20210818 00:43:17.749" endtime="20210818 00:43:19.151"/>
</kw>
<kw name="Maximize Browser Window" library="SeleniumLibrary">
<doc>Maximizes current browser window.</doc>
<status status="PASS" starttime="20210818 00:43:19.152" endtime="20210818 00:43:19.274"/>
</kw>
<status status="PASS" starttime="20210818 00:43:17.748" endtime="20210818 00:43:19.274"/>
</kw>
<kw name="Verify product added to cart" library="Functional_Keywords">
<kw name="Detailed view of a product" library="Functional_Keywords">
<kw name="Search for product" library="Functional_Keywords">
<kw name="Navigate to home page" library="Functional_Keywords">
<kw name="Navigate To Page" library="OpenPage">
<kw name="Go To" library="SeleniumLibrary">
<arg>http://www.daraz.com.bd/</arg>
<doc>Navigates the current browser window to the provided ``url``.</doc>
<msg timestamp="20210818 00:43:19.278" level="INFO">Opening url 'http://www.daraz.com.bd/'</msg>
<status status="PASS" starttime="20210818 00:43:19.278" endtime="20210818 00:43:25.036"/>
</kw>
<status status="PASS" starttime="20210818 00:43:19.277" endtime="20210818 00:43:25.038"/>
</kw>
<kw name="Page Load Verification" library="OpenPage">
<kw name="Sleep" library="BuiltIn">
<arg>2s</arg>
<doc>Pauses the test executed for the given time.</doc>
<msg timestamp="20210818 00:43:27.043" level="INFO">Slept 2 seconds</msg>
<status status="PASS" starttime="20210818 00:43:25.039" endtime="20210818 00:43:27.044"/>
</kw>
<kw name="Wait Until Page Contains" library="SeleniumLibrary">
<arg>SAVE MORE ON APP</arg>
<doc>Waits until ``text`` appears on the current page.</doc>
<status status="PASS" starttime="20210818 00:43:27.045" endtime="20210818 00:43:27.142"/>
</kw>
<status status="PASS" starttime="20210818 00:43:25.038" endtime="20210818 00:43:27.142"/>
</kw>
<status status="PASS" starttime="20210818 00:43:19.276" endtime="20210818 00:43:27.142"/>
</kw>
<kw name="Enter Product Name" library="SearchProduct">
<kw name="Input Text" library="SeleniumLibrary">
<arg>id=q</arg>
<arg>Router</arg>
<doc>Types the given ``text`` into the text field identified by ``locator``.</doc>
<msg timestamp="20210818 00:43:27.144" level="INFO">Typing text 'Router' into text field 'id=q'.</msg>
<status status="PASS" starttime="20210818 00:43:27.143" endtime="20210818 00:43:27.283"/>
</kw>
<status status="PASS" starttime="20210818 00:43:27.143" endtime="20210818 00:43:27.284"/>
</kw>
<kw name="Submit Search" library="SearchProduct">
<kw name="Click Button" library="SeleniumLibrary">
<arg>xpath=//*[@id="topActionHeader"]/div/div[2]/div/div[2]/form/div/div[2]/button</arg>
<doc>Clicks the button identified by ``locator``.</doc>
<msg timestamp="20210818 00:43:27.284" level="INFO">Clicking button 'xpath=//*[@id="topActionHeader"]/div/div[2]/div/div[2]/form/div/div[2]/button'.</msg>
<status status="PASS" starttime="20210818 00:43:27.284" endtime="20210818 00:43:32.133"/>
</kw>
<status status="PASS" starttime="20210818 00:43:27.284" endtime="20210818 00:43:32.133"/>
</kw>
<kw name="Scroll Page" library="SearchProduct">
<kw name="Sleep" library="BuiltIn">
<arg>1s</arg>
<doc>Pauses the test executed for the given time.</doc>
<msg timestamp="20210818 00:43:33.149" level="INFO">Slept 1 second</msg>
<status status="PASS" starttime="20210818 00:43:32.134" endtime="20210818 00:43:33.150"/>
</kw>
<kw name="Sleep" library="BuiltIn">
<arg>1s</arg>
<doc>Pauses the test executed for the given time.</doc>
<msg timestamp="20210818 00:43:34.154" level="INFO">Slept 1 second</msg>
<status status="PASS" starttime="20210818 00:43:33.150" endtime="20210818 00:43:34.154"/>
</kw>
<status status="PASS" starttime="20210818 00:43:32.134" endtime="20210818 00:43:34.155"/>
</kw>
<status status="PASS" starttime="20210818 00:43:19.275" endtime="20210818 00:43:34.156"/>
</kw>
<kw name="Verify Search Compilation" library="SearchResults">
<kw name="Sleep" library="BuiltIn">
<arg>2s</arg>
<doc>Pauses the test executed for the given time.</doc>
<msg timestamp="20210818 00:43:36.173" level="INFO">Slept 2 seconds</msg>
<status status="PASS" starttime="20210818 00:43:34.157" endtime="20210818 00:43:36.173"/>
</kw>
<kw name="Wait Until Page Contains" library="SeleniumLibrary">
<arg>items found for "Router"</arg>
<doc>Waits until ``text`` appears on the current page.</doc>
<status status="PASS" starttime="20210818 00:43:36.174" endtime="20210818 00:43:36.210"/>
</kw>
<kw name="Sleep" library="BuiltIn">
<arg>1s</arg>
<doc>Pauses the test executed for the given time.</doc>
<msg timestamp="20210818 00:43:37.213" level="INFO">Slept 1 second</msg>
<status status="PASS" starttime="20210818 00:43:36.210" endtime="20210818 00:43:37.213"/>
</kw>
<status status="PASS" starttime="20210818 00:43:34.156" endtime="20210818 00:43:37.213"/>
</kw>
<kw name="Click Product" library="SearchResults">
<doc>Clicks the first searched product on the page</doc>
<kw name="Sleep" library="BuiltIn">
<arg>2s</arg>
<doc>Pauses the test executed for the given time.</doc>
<msg timestamp="20210818 00:43:39.225" level="INFO">Slept 2 seconds</msg>
<status status="PASS" starttime="20210818 00:43:37.214" endtime="20210818 00:43:39.225"/>
</kw>
<kw name="Click Link" library="SeleniumLibrary">
<arg>css=#root &gt; div &gt; div.ant-row.c10-Cg &gt; div.ant-col-24 &gt; div &gt; div.ant-col-20.ant-col-push-4.c1z9Ut &gt; div.c1_t2i &gt; div:nth-child(1) &gt; div &gt; div &gt; div.c3KeDq &gt; div.c16H9d &gt; a</arg>
<doc>Clicks a link identified by ``locator``.</doc>
<msg timestamp="20210818 00:43:39.226" level="INFO">Clicking link 'css=#root &gt; div &gt; div.ant-row.c10-Cg &gt; div.ant-col-24 &gt; div &gt; div.ant-col-20.ant-col-push-4.c1z9Ut &gt; div.c1_t2i &gt; div:nth-child(1) &gt; div &gt; div &gt; div.c3KeDq &gt; div.c16H9d &gt; a'.</msg>
<status status="PASS" starttime="20210818 00:43:39.225" endtime="20210818 00:43:43.460"/>
</kw>
<status status="PASS" starttime="20210818 00:43:37.214" endtime="20210818 00:43:43.461"/>
</kw>
<status status="PASS" starttime="20210818 00:43:19.275" endtime="20210818 00:43:43.461"/>
</kw>
<kw name="Add Product To Cart" library="CartVerification">
<kw name="Click Button" library="SeleniumLibrary">
<arg>xpath=//*[@id="module_add_to_cart"]/div/button[2]</arg>
<doc>Clicks the button identified by ``locator``.</doc>
<msg timestamp="20210818 00:43:43.464" level="INFO">Clicking button 'xpath=//*[@id="module_add_to_cart"]/div/button[2]'.</msg>
<status status="PASS" starttime="20210818 00:43:43.463" endtime="20210818 00:43:43.911"/>
</kw>
<status status="PASS" starttime="20210818 00:43:43.462" endtime="20210818 00:43:43.912"/>
</kw>
<kw name="Page Load Verification" library="CartVerification">
<kw name="Wait Until Page Contains" library="SeleniumLibrary">
<arg>Please Login to continue</arg>
<doc>Waits until ``text`` appears on the current page.</doc>
<status status="PASS" starttime="20210818 00:43:43.913" endtime="20210818 00:43:43.976"/>
</kw>
<kw name="Sleep" library="BuiltIn">
<arg>3s</arg>
<doc>Pauses the test executed for the given time.</doc>
<msg timestamp="20210818 00:43:46.990" level="INFO">Slept 3 seconds</msg>
<status status="PASS" starttime="20210818 00:43:43.977" endtime="20210818 00:43:46.990"/>
</kw>
<status status="PASS" starttime="20210818 00:43:43.912" endtime="20210818 00:43:46.991"/>
</kw>
<status status="PASS" starttime="20210818 00:43:19.275" endtime="20210818 00:43:46.991"/>
</kw>
<kw name="End Web Test" library="Basic_Keywords" type="TEARDOWN">
<kw name="Close Browser" library="SeleniumLibrary">
<doc>Closes the current browser.</doc>
<status status="PASS" starttime="20210818 00:43:46.994" endtime="20210818 00:43:49.829"/>
</kw>
<status status="PASS" starttime="20210818 00:43:46.993" endtime="20210818 00:43:49.829"/>
</kw>
<status status="PASS" starttime="20210818 00:43:17.746" endtime="20210818 00:43:49.830"/>
</test>
<doc>This is a basic test on daraz.com.bd</doc>
<status status="PASS" starttime="20210818 00:42:09.943" endtime="20210818 00:43:49.835"/>
</suite>
<statistics>
<total>
<stat pass="4" fail="0" skip="0">All Tests</stat>
</total>
<tag>
</tag>
<suite>
<stat pass="4" fail="0" skip="0" id="s1" name="Daraz Resources">Daraz Resources</stat>
</suite>
</statistics>
<errors>
</errors>
</robot>
